<?xml version="1.0" encoding="UTF-8"?>
<testng-results skipped="0" failed="0" total="10" passed="10">
  <reporter-output>
  </reporter-output>
  <suite name="Default suite" duration-ms="12834" started-at="2020-08-05T01:38:02Z" finished-at="2020-08-05T01:38:15Z">
    <groups>
    </groups>
    <test name="Default test" duration-ms="12834" started-at="2020-08-05T01:38:02Z" finished-at="2020-08-05T01:38:15Z">
      <class name="TestFramework.dummy_RestApi">
        <test-method status="PASS" signature="get_all_emp()" name="get_all_emp" duration-ms="2800" started-at="2020-08-05T01:38:02Z" finished-at="2020-08-05T01:38:05Z">
        </test-method>
        <test-method status="PASS" signature="get_emp()" name="get_emp" duration-ms="1175" started-at="2020-08-05T01:38:05Z" finished-at="2020-08-05T01:38:06Z">
        </test-method>
        <test-method status="PASS" signature="create_emp()" name="create_emp" duration-ms="1043" started-at="2020-08-05T01:38:06Z" finished-at="2020-08-05T01:38:07Z">
        </test-method>
        <test-method status="PASS" signature="upd_emp()" name="upd_emp" duration-ms="1028" started-at="2020-08-05T01:38:07Z" finished-at="2020-08-05T01:38:08Z">
        </test-method>
        <test-method status="PASS" signature="del_emp()" name="del_emp" duration-ms="1011" started-at="2020-08-05T01:38:08Z" finished-at="2020-08-05T01:38:09Z">
        </test-method>
        <test-method status="PASS" signature="create_emp_xl(java.lang.String, java.lang.String, java.lang.String)" name="create_emp_xl" duration-ms="1334" started-at="2020-08-05T01:38:10Z" finished-at="2020-08-05T01:38:11Z">
          <params>
            <param index="0">
              <value>
                <![CDATA[xuz]]>
              </value>
            </param>
            <param index="1">
              <value>
                <![CDATA[6565]]>
              </value>
            </param>
            <param index="2">
              <value>
                <![CDATA[42]]>
              </value>
            </param>
          </params>
        </test-method>
        <test-method status="PASS" signature="create_emp_xl(java.lang.String, java.lang.String, java.lang.String)" name="create_emp_xl" duration-ms="1251" started-at="2020-08-05T01:38:11Z" finished-at="2020-08-05T01:38:12Z">
          <params>
            <param index="0">
              <value>
                <![CDATA[panda]]>
              </value>
            </param>
            <param index="1">
              <value>
                <![CDATA[46558]]>
              </value>
            </param>
            <param index="2">
              <value>
                <![CDATA[44]]>
              </value>
            </param>
          </params>
        </test-method>
        <test-method status="PASS" signature="create_emp_xl(java.lang.String, java.lang.String, java.lang.String)" name="create_emp_xl" duration-ms="1109" started-at="2020-08-05T01:38:12Z" finished-at="2020-08-05T01:38:13Z">
          <params>
            <param index="0">
              <value>
                <![CDATA[lola]]>
              </value>
            </param>
            <param index="1">
              <value>
                <![CDATA[8556]]>
              </value>
            </param>
            <param index="2">
              <value>
                <![CDATA[65]]>
              </value>
            </param>
          </params>
        </test-method>
        <test-method status="PASS" signature="create_emp_xl(java.lang.String, java.lang.String, java.lang.String)" name="create_emp_xl" duration-ms="1112" started-at="2020-08-05T01:38:14Z" finished-at="2020-08-05T01:38:15Z">
          <params>
            <param index="0">
              <value>
                <![CDATA[kutty]]>
              </value>
            </param>
            <param index="1">
              <value>
                <![CDATA[9776]]>
              </value>
            </param>
            <param index="2">
              <value>
                <![CDATA[76]]>
              </value>
            </param>
          </params>
        </test-method>
        <test-method status="PASS" signature="xl()" name="xl" duration-ms="2" started-at="2020-08-05T01:38:15Z" finished-at="2020-08-05T01:38:15Z">
        </test-method>
      </class>
    </test>
  </suite>
</testng-results>
